\BOOKMARK [0][-]{chapter.1}{\376\377\0001\000\040\000N\000a\000m\000e\000s\000p\000a\000c\000e\000\040\000I\000n\000d\000e\000x}{}% 1
\BOOKMARK [1][-]{section.1.1}{\376\377\0001\000.\0001\000\040\000N\000a\000m\000e\000s\000p\000a\000c\000e\000\040\000L\000i\000s\000t}{chapter.1}% 2
\BOOKMARK [0][-]{chapter.2}{\376\377\0002\000\040\000H\000i\000e\000r\000a\000r\000c\000h\000i\000c\000a\000l\000\040\000I\000n\000d\000e\000x}{}% 3
\BOOKMARK [1][-]{section.2.1}{\376\377\0002\000.\0001\000\040\000C\000l\000a\000s\000s\000\040\000H\000i\000e\000r\000a\000r\000c\000h\000y}{chapter.2}% 4
\BOOKMARK [0][-]{chapter.3}{\376\377\0003\000\040\000C\000l\000a\000s\000s\000\040\000I\000n\000d\000e\000x}{}% 5
\BOOKMARK [1][-]{section.3.1}{\376\377\0003\000.\0001\000\040\000C\000l\000a\000s\000s\000\040\000L\000i\000s\000t}{chapter.3}% 6
\BOOKMARK [0][-]{chapter.4}{\376\377\0004\000\040\000F\000i\000l\000e\000\040\000I\000n\000d\000e\000x}{}% 7
\BOOKMARK [1][-]{section.4.1}{\376\377\0004\000.\0001\000\040\000F\000i\000l\000e\000\040\000L\000i\000s\000t}{chapter.4}% 8
\BOOKMARK [0][-]{chapter.5}{\376\377\0005\000\040\000N\000a\000m\000e\000s\000p\000a\000c\000e\000\040\000D\000o\000c\000u\000m\000e\000n\000t\000a\000t\000i\000o\000n}{}% 9
\BOOKMARK [1][-]{section.5.1}{\376\377\0005\000.\0001\000\040\000A\000p\000p\000\040\000N\000a\000m\000e\000s\000p\000a\000c\000e\000\040\000R\000e\000f\000e\000r\000e\000n\000c\000e}{chapter.5}% 10
\BOOKMARK [1][-]{section.5.2}{\376\377\0005\000.\0002\000\040\000A\000p\000p\000\134\000C\000o\000n\000t\000r\000o\000l\000l\000e\000r\000\040\000N\000a\000m\000e\000s\000p\000a\000c\000e\000\040\000R\000e\000f\000e\000r\000e\000n\000c\000e}{chapter.5}% 11
\BOOKMARK [1][-]{section.5.3}{\376\377\0005\000.\0003\000\040\000A\000p\000p\000\134\000E\000n\000t\000i\000t\000y\000\040\000N\000a\000m\000e\000s\000p\000a\000c\000e\000\040\000R\000e\000f\000e\000r\000e\000n\000c\000e}{chapter.5}% 12
\BOOKMARK [1][-]{section.5.4}{\376\377\0005\000.\0004\000\040\000A\000p\000p\000\134\000R\000e\000p\000o\000s\000i\000t\000o\000r\000y\000\040\000N\000a\000m\000e\000s\000p\000a\000c\000e\000\040\000R\000e\000f\000e\000r\000e\000n\000c\000e}{chapter.5}% 13
\BOOKMARK [0][-]{chapter.6}{\376\377\0006\000\040\000C\000l\000a\000s\000s\000\040\000D\000o\000c\000u\000m\000e\000n\000t\000a\000t\000i\000o\000n}{}% 14
\BOOKMARK [1][-]{section.6.1}{\376\377\0006\000.\0001\000\040\000A\000p\000p\000\134\000C\000o\000n\000t\000r\000o\000l\000l\000e\000r\000\134\000A\000p\000i\000G\000r\000a\000d\000e\000C\000o\000n\000t\000r\000o\000l\000l\000e\000r\000\040\000C\000l\000a\000s\000s\000\040\000R\000e\000f\000e\000r\000e\000n\000c\000e}{chapter.6}% 15
\BOOKMARK [2][-]{subsection.6.1.1}{\376\377\0006\000.\0001\000.\0001\000\040\000M\000e\000m\000b\000e\000r\000\040\000F\000u\000n\000c\000t\000i\000o\000n\000\040\000D\000o\000c\000u\000m\000e\000n\000t\000a\000t\000i\000o\000n}{section.6.1}% 16
\BOOKMARK [3][-]{subsubsection.6.1.1.1}{\376\377\0006\000.\0001\000.\0001\000.\0001\000\040\000a\000d\000d\000G\000r\000a\000d\000e\000\050\000\051}{subsection.6.1.1}% 17
\BOOKMARK [3][-]{subsubsection.6.1.1.2}{\376\377\0006\000.\0001\000.\0001\000.\0002\000\040\000d\000e\000l\000e\000t\000e\000G\000r\000a\000d\000e\000\050\000\051}{subsection.6.1.1}% 18
\BOOKMARK [3][-]{subsubsection.6.1.1.3}{\376\377\0006\000.\0001\000.\0001\000.\0003\000\040\000g\000e\000t\000G\000r\000a\000d\000e\000s\000B\000y\000S\000t\000u\000d\000e\000n\000t\000\050\000\051}{subsection.6.1.1}% 19
\BOOKMARK [3][-]{subsubsection.6.1.1.4}{\376\377\0006\000.\0001\000.\0001\000.\0004\000\040\000g\000e\000t\000G\000r\000a\000d\000e\000s\000B\000y\000S\000t\000u\000d\000e\000n\000t\000A\000n\000d\000S\000u\000b\000j\000e\000c\000t\000\050\000\051}{subsection.6.1.1}% 20
\BOOKMARK [3][-]{subsubsection.6.1.1.5}{\376\377\0006\000.\0001\000.\0001\000.\0005\000\040\000g\000e\000t\000M\000y\000G\000r\000a\000d\000e\000s\000\050\000\051}{subsection.6.1.1}% 21
\BOOKMARK [3][-]{subsubsection.6.1.1.6}{\376\377\0006\000.\0001\000.\0001\000.\0006\000\040\000g\000e\000t\000M\000y\000S\000u\000b\000j\000e\000c\000t\000s\000\050\000\051}{subsection.6.1.1}% 22
\BOOKMARK [1][-]{section.6.2}{\376\377\0006\000.\0002\000\040\000A\000p\000p\000\134\000C\000o\000n\000t\000r\000o\000l\000l\000e\000r\000\134\000A\000p\000i\000G\000r\000o\000u\000p\000C\000o\000n\000t\000r\000o\000l\000l\000e\000r\000\040\000C\000l\000a\000s\000s\000\040\000R\000e\000f\000e\000r\000e\000n\000c\000e}{chapter.6}% 23
\BOOKMARK [2][-]{subsection.6.2.1}{\376\377\0006\000.\0002\000.\0001\000\040\000D\000e\000t\000a\000i\000l\000e\000d\000\040\000D\000e\000s\000c\000r\000i\000p\000t\000i\000o\000n}{section.6.2}% 24
\BOOKMARK [2][-]{subsection.6.2.2}{\376\377\0006\000.\0002\000.\0002\000\040\000M\000e\000m\000b\000e\000r\000\040\000F\000u\000n\000c\000t\000i\000o\000n\000\040\000D\000o\000c\000u\000m\000e\000n\000t\000a\000t\000i\000o\000n}{section.6.2}% 25
\BOOKMARK [3][-]{subsubsection.6.2.2.1}{\376\377\0006\000.\0002\000.\0002\000.\0001\000\040\000a\000d\000d\000S\000t\000u\000d\000e\000n\000t\000s\000T\000o\000G\000r\000o\000u\000p\000\050\000\051}{subsection.6.2.2}% 26
\BOOKMARK [3][-]{subsubsection.6.2.2.2}{\376\377\0006\000.\0002\000.\0002\000.\0002\000\040\000c\000r\000e\000a\000t\000e\000G\000r\000o\000u\000p\000\050\000\051}{subsection.6.2.2}% 27
\BOOKMARK [3][-]{subsubsection.6.2.2.3}{\376\377\0006\000.\0002\000.\0002\000.\0003\000\040\000c\000r\000e\000a\000t\000e\000N\000o\000t\000e\000\050\000\051}{subsection.6.2.2}% 28
\BOOKMARK [3][-]{subsubsection.6.2.2.4}{\376\377\0006\000.\0002\000.\0002\000.\0004\000\040\000g\000e\000t\000G\000r\000o\000u\000p\000D\000e\000t\000a\000i\000l\000s\000\050\000\051}{subsection.6.2.2}% 29
\BOOKMARK [3][-]{subsubsection.6.2.2.5}{\376\377\0006\000.\0002\000.\0002\000.\0005\000\040\000g\000e\000t\000G\000r\000o\000u\000p\000S\000t\000u\000d\000e\000n\000t\000s\000\050\000\051}{subsection.6.2.2}% 30
\BOOKMARK [3][-]{subsubsection.6.2.2.6}{\376\377\0006\000.\0002\000.\0002\000.\0006\000\040\000g\000e\000t\000G\000r\000o\000u\000p\000S\000t\000u\000d\000e\000n\000t\000s\000W\000i\000t\000h\000G\000r\000a\000d\000e\000s\000\050\000\051}{subsection.6.2.2}% 31
\BOOKMARK [3][-]{subsubsection.6.2.2.7}{\376\377\0006\000.\0002\000.\0002\000.\0007\000\040\000g\000e\000t\000S\000t\000u\000d\000e\000n\000t\000G\000r\000o\000u\000p\000s\000A\000p\000i\000\050\000\051}{subsection.6.2.2}% 32
\BOOKMARK [3][-]{subsubsection.6.2.2.8}{\376\377\0006\000.\0002\000.\0002\000.\0008\000\040\000r\000e\000m\000o\000v\000e\000S\000t\000u\000d\000e\000n\000t\000F\000r\000o\000m\000G\000r\000o\000u\000p\000\050\000\051}{subsection.6.2.2}% 33
\BOOKMARK [3][-]{subsubsection.6.2.2.9}{\376\377\0006\000.\0002\000.\0002\000.\0009\000\040\000s\000t\000u\000d\000e\000n\000t\000s\000B\000y\000F\000i\000e\000l\000d\000\050\000\051}{subsection.6.2.2}% 34
\BOOKMARK [3][-]{subsubsection.6.2.2.10}{\376\377\0006\000.\0002\000.\0002\000.\0001\0000\000\040\000s\000t\000u\000d\000e\000n\000t\000s\000B\000y\000F\000i\000e\000l\000d\000N\000o\000t\000I\000n\000G\000r\000o\000u\000p\000\050\000\051}{subsection.6.2.2}% 35
\BOOKMARK [1][-]{section.6.3}{\376\377\0006\000.\0003\000\040\000A\000p\000p\000\134\000C\000o\000n\000t\000r\000o\000l\000l\000e\000r\000\134\000A\000p\000i\000L\000o\000g\000i\000n\000C\000o\000n\000t\000r\000o\000l\000l\000e\000r\000\040\000C\000l\000a\000s\000s\000\040\000R\000e\000f\000e\000r\000e\000n\000c\000e}{chapter.6}% 36
\BOOKMARK [2][-]{subsection.6.3.1}{\376\377\0006\000.\0003\000.\0001\000\040\000C\000o\000n\000s\000t\000r\000u\000c\000t\000o\000r\000\040\000\046\000\040\000D\000e\000s\000t\000r\000u\000c\000t\000o\000r\000\040\000D\000o\000c\000u\000m\000e\000n\000t\000a\000t\000i\000o\000n}{section.6.3}% 37
\BOOKMARK [3][-]{subsubsection.6.3.1.1}{\376\377\0006\000.\0003\000.\0001\000.\0001\000\040\000\137\000\137\000c\000o\000n\000s\000t\000r\000u\000c\000t\000\050\000\051}{subsection.6.3.1}% 38
\BOOKMARK [2][-]{subsection.6.3.2}{\376\377\0006\000.\0003\000.\0002\000\040\000M\000e\000m\000b\000e\000r\000\040\000F\000u\000n\000c\000t\000i\000o\000n\000\040\000D\000o\000c\000u\000m\000e\000n\000t\000a\000t\000i\000o\000n}{section.6.3}% 39
\BOOKMARK [3][-]{subsubsection.6.3.2.1}{\376\377\0006\000.\0003\000.\0002\000.\0001\000\040\000l\000o\000g\000i\000n\000\050\000\051}{subsection.6.3.2}% 40
\BOOKMARK [1][-]{section.6.4}{\376\377\0006\000.\0004\000\040\000A\000p\000p\000\134\000C\000o\000n\000t\000r\000o\000l\000l\000e\000r\000\134\000A\000p\000i\000R\000e\000g\000i\000s\000t\000r\000a\000t\000i\000o\000n\000C\000o\000n\000t\000r\000o\000l\000l\000e\000r\000\040\000C\000l\000a\000s\000s\000\040\000R\000e\000f\000e\000r\000e\000n\000c\000e}{chapter.6}% 41
\BOOKMARK [2][-]{subsection.6.4.1}{\376\377\0006\000.\0004\000.\0001\000\040\000M\000e\000m\000b\000e\000r\000\040\000F\000u\000n\000c\000t\000i\000o\000n\000\040\000D\000o\000c\000u\000m\000e\000n\000t\000a\000t\000i\000o\000n}{section.6.4}% 42
\BOOKMARK [3][-]{subsubsection.6.4.1.1}{\376\377\0006\000.\0004\000.\0001\000.\0001\000\040\000r\000e\000g\000i\000s\000t\000e\000r\000\050\000\051}{subsection.6.4.1}% 43
\BOOKMARK [1][-]{section.6.5}{\376\377\0006\000.\0005\000\040\000A\000p\000p\000\134\000C\000o\000n\000t\000r\000o\000l\000l\000e\000r\000\134\000A\000p\000i\000U\000n\000i\000v\000e\000r\000s\000i\000t\000y\000C\000o\000n\000t\000r\000o\000l\000l\000e\000r\000\040\000C\000l\000a\000s\000s\000\040\000R\000e\000f\000e\000r\000e\000n\000c\000e}{chapter.6}% 44
\BOOKMARK [2][-]{subsection.6.5.1}{\376\377\0006\000.\0005\000.\0001\000\040\000M\000e\000m\000b\000e\000r\000\040\000F\000u\000n\000c\000t\000i\000o\000n\000\040\000D\000o\000c\000u\000m\000e\000n\000t\000a\000t\000i\000o\000n}{section.6.5}% 45
\BOOKMARK [3][-]{subsubsection.6.5.1.1}{\376\377\0006\000.\0005\000.\0001\000.\0001\000\040\000a\000d\000d\000F\000i\000e\000l\000d\000O\000f\000S\000t\000u\000d\000y\000\050\000\051}{subsection.6.5.1}% 46
\BOOKMARK [3][-]{subsubsection.6.5.1.2}{\376\377\0006\000.\0005\000.\0001\000.\0002\000\040\000a\000d\000d\000S\000u\000b\000j\000e\000c\000t\000\050\000\051}{subsection.6.5.1}% 47
\BOOKMARK [3][-]{subsubsection.6.5.1.3}{\376\377\0006\000.\0005\000.\0001\000.\0003\000\040\000g\000e\000t\000A\000l\000l\000\050\000\051}{subsection.6.5.1}% 48
\BOOKMARK [3][-]{subsubsection.6.5.1.4}{\376\377\0006\000.\0005\000.\0001\000.\0004\000\040\000g\000e\000t\000A\000l\000l\000M\000y\000\050\000\051}{subsection.6.5.1}% 49
\BOOKMARK [3][-]{subsubsection.6.5.1.5}{\376\377\0006\000.\0005\000.\0001\000.\0005\000\040\000g\000e\000t\000A\000l\000l\000U\000n\000i\000v\000e\000r\000s\000i\000t\000i\000e\000s\000\050\000\051}{subsection.6.5.1}% 50
\BOOKMARK [3][-]{subsubsection.6.5.1.6}{\376\377\0006\000.\0005\000.\0001\000.\0006\000\040\000g\000e\000t\000F\000i\000e\000l\000d\000O\000f\000S\000t\000u\000d\000y\000\050\000\051}{subsection.6.5.1}% 51
\BOOKMARK [3][-]{subsubsection.6.5.1.7}{\376\377\0006\000.\0005\000.\0001\000.\0007\000\040\000g\000e\000t\000S\000u\000b\000j\000e\000c\000t\000D\000e\000t\000a\000i\000l\000s\000\050\000\051}{subsection.6.5.1}% 52
\BOOKMARK [3][-]{subsubsection.6.5.1.8}{\376\377\0006\000.\0005\000.\0001\000.\0008\000\040\000g\000e\000t\000U\000n\000i\000v\000e\000r\000s\000i\000t\000y\000\050\000\051}{subsection.6.5.1}% 53
\BOOKMARK [1][-]{section.6.6}{\376\377\0006\000.\0006\000\040\000A\000p\000p\000\134\000C\000o\000n\000t\000r\000o\000l\000l\000e\000r\000\134\000A\000p\000i\000U\000s\000e\000r\000C\000o\000n\000t\000r\000o\000l\000l\000e\000r\000\040\000C\000l\000a\000s\000s\000\040\000R\000e\000f\000e\000r\000e\000n\000c\000e}{chapter.6}% 54
\BOOKMARK [2][-]{subsection.6.6.1}{\376\377\0006\000.\0006\000.\0001\000\040\000M\000e\000m\000b\000e\000r\000\040\000F\000u\000n\000c\000t\000i\000o\000n\000\040\000D\000o\000c\000u\000m\000e\000n\000t\000a\000t\000i\000o\000n}{section.6.6}% 55
\BOOKMARK [3][-]{subsubsection.6.6.1.1}{\376\377\0006\000.\0006\000.\0001\000.\0001\000\040\000g\000e\000t\000A\000l\000l\000S\000t\000u\000d\000e\000n\000t\000s\000\050\000\051}{subsection.6.6.1}% 56
\BOOKMARK [3][-]{subsubsection.6.6.1.2}{\376\377\0006\000.\0006\000.\0001\000.\0002\000\040\000g\000e\000t\000M\000y\000G\000r\000a\000d\000e\000s\000\050\000\051}{subsection.6.6.1}% 57
\BOOKMARK [3][-]{subsubsection.6.6.1.3}{\376\377\0006\000.\0006\000.\0001\000.\0003\000\040\000g\000e\000t\000M\000y\000G\000r\000o\000u\000p\000s\000\050\000\051}{subsection.6.6.1}% 58
\BOOKMARK [3][-]{subsubsection.6.6.1.4}{\376\377\0006\000.\0006\000.\0001\000.\0004\000\040\000s\000h\000o\000w\000\050\000\051}{subsection.6.6.1}% 59
\BOOKMARK [3][-]{subsubsection.6.6.1.5}{\376\377\0006\000.\0006\000.\0001\000.\0005\000\040\000s\000h\000o\000w\000D\000e\000t\000a\000i\000l\000s\000\050\000\051}{subsection.6.6.1}% 60
\BOOKMARK [3][-]{subsubsection.6.6.1.6}{\376\377\0006\000.\0006\000.\0001\000.\0006\000\040\000u\000p\000d\000a\000t\000e\000U\000s\000e\000r\000\050\000\051}{subsection.6.6.1}% 61
\BOOKMARK [1][-]{section.6.7}{\376\377\0006\000.\0007\000\040\000A\000p\000p\000\134\000E\000n\000t\000i\000t\000y\000\134\000A\000t\000t\000e\000n\000d\000a\000n\000c\000e\000\040\000C\000l\000a\000s\000s\000\040\000R\000e\000f\000e\000r\000e\000n\000c\000e}{chapter.6}% 62
\BOOKMARK [2][-]{subsection.6.7.1}{\376\377\0006\000.\0007\000.\0001\000\040\000M\000e\000m\000b\000e\000r\000\040\000F\000u\000n\000c\000t\000i\000o\000n\000\040\000D\000o\000c\000u\000m\000e\000n\000t\000a\000t\000i\000o\000n}{section.6.7}% 63
\BOOKMARK [3][-]{subsubsection.6.7.1.1}{\376\377\0006\000.\0007\000.\0001\000.\0001\000\040\000g\000e\000t\000G\000r\000o\000u\000p\000p\000\050\000\051}{subsection.6.7.1}% 64
\BOOKMARK [3][-]{subsubsection.6.7.1.2}{\376\377\0006\000.\0007\000.\0001\000.\0002\000\040\000g\000e\000t\000I\000d\000\050\000\051}{subsection.6.7.1}% 65
\BOOKMARK [3][-]{subsubsection.6.7.1.3}{\376\377\0006\000.\0007\000.\0001\000.\0003\000\040\000g\000e\000t\000M\000a\000k\000s\000v\000a\000l\000u\000e\000\050\000\051}{subsection.6.7.1}% 66
\BOOKMARK [3][-]{subsubsection.6.7.1.4}{\376\377\0006\000.\0007\000.\0001\000.\0004\000\040\000g\000e\000t\000U\000s\000e\000r\000\050\000\051}{subsection.6.7.1}% 67
\BOOKMARK [3][-]{subsubsection.6.7.1.5}{\376\377\0006\000.\0007\000.\0001\000.\0005\000\040\000g\000e\000t\000V\000a\000l\000u\000e\000\050\000\051}{subsection.6.7.1}% 68
\BOOKMARK [3][-]{subsubsection.6.7.1.6}{\376\377\0006\000.\0007\000.\0001\000.\0006\000\040\000s\000e\000t\000G\000r\000o\000u\000p\000p\000\050\000\051}{subsection.6.7.1}% 69
\BOOKMARK [3][-]{subsubsection.6.7.1.7}{\376\377\0006\000.\0007\000.\0001\000.\0007\000\040\000s\000e\000t\000M\000a\000k\000s\000v\000a\000l\000u\000e\000\050\000\051}{subsection.6.7.1}% 70
\BOOKMARK [3][-]{subsubsection.6.7.1.8}{\376\377\0006\000.\0007\000.\0001\000.\0008\000\040\000s\000e\000t\000U\000s\000e\000r\000\050\000\051}{subsection.6.7.1}% 71
\BOOKMARK [3][-]{subsubsection.6.7.1.9}{\376\377\0006\000.\0007\000.\0001\000.\0009\000\040\000s\000e\000t\000V\000a\000l\000u\000e\000\050\000\051}{subsection.6.7.1}% 72
\BOOKMARK [1][-]{section.6.8}{\376\377\0006\000.\0008\000\040\000A\000p\000p\000\134\000R\000e\000p\000o\000s\000i\000t\000o\000r\000y\000\134\000A\000t\000t\000e\000n\000d\000a\000n\000c\000e\000R\000e\000p\000o\000s\000i\000t\000o\000r\000y\000\040\000C\000l\000a\000s\000s\000\040\000R\000e\000f\000e\000r\000e\000n\000c\000e}{chapter.6}% 73
\BOOKMARK [2][-]{subsection.6.8.1}{\376\377\0006\000.\0008\000.\0001\000\040\000D\000e\000t\000a\000i\000l\000e\000d\000\040\000D\000e\000s\000c\000r\000i\000p\000t\000i\000o\000n}{section.6.8}% 74
\BOOKMARK [2][-]{subsection.6.8.2}{\376\377\0006\000.\0008\000.\0002\000\040\000C\000o\000n\000s\000t\000r\000u\000c\000t\000o\000r\000\040\000\046\000\040\000D\000e\000s\000t\000r\000u\000c\000t\000o\000r\000\040\000D\000o\000c\000u\000m\000e\000n\000t\000a\000t\000i\000o\000n}{section.6.8}% 75
\BOOKMARK [3][-]{subsubsection.6.8.2.1}{\376\377\0006\000.\0008\000.\0002\000.\0001\000\040\000\137\000\137\000c\000o\000n\000s\000t\000r\000u\000c\000t\000\050\000\051}{subsection.6.8.2}% 76
\BOOKMARK [1][-]{section.6.9}{\376\377\0006\000.\0009\000\040\000A\000p\000p\000\134\000E\000n\000t\000i\000t\000y\000\134\000F\000i\000e\000l\000d\000O\000f\000S\000t\000u\000d\000y\000\040\000C\000l\000a\000s\000s\000\040\000R\000e\000f\000e\000r\000e\000n\000c\000e}{chapter.6}% 77
\BOOKMARK [2][-]{subsection.6.9.1}{\376\377\0006\000.\0009\000.\0001\000\040\000C\000o\000n\000s\000t\000r\000u\000c\000t\000o\000r\000\040\000\046\000\040\000D\000e\000s\000t\000r\000u\000c\000t\000o\000r\000\040\000D\000o\000c\000u\000m\000e\000n\000t\000a\000t\000i\000o\000n}{section.6.9}% 78
\BOOKMARK [3][-]{subsubsection.6.9.1.1}{\376\377\0006\000.\0009\000.\0001\000.\0001\000\040\000\137\000\137\000c\000o\000n\000s\000t\000r\000u\000c\000t\000\050\000\051}{subsection.6.9.1}% 79
\BOOKMARK [2][-]{subsection.6.9.2}{\376\377\0006\000.\0009\000.\0002\000\040\000M\000e\000m\000b\000e\000r\000\040\000F\000u\000n\000c\000t\000i\000o\000n\000\040\000D\000o\000c\000u\000m\000e\000n\000t\000a\000t\000i\000o\000n}{section.6.9}% 80
\BOOKMARK [3][-]{subsubsection.6.9.2.1}{\376\377\0006\000.\0009\000.\0002\000.\0001\000\040\000a\000d\000d\000S\000t\000u\000d\000e\000n\000t\000\050\000\051}{subsection.6.9.2}% 81
\BOOKMARK [3][-]{subsubsection.6.9.2.2}{\376\377\0006\000.\0009\000.\0002\000.\0002\000\040\000a\000d\000d\000S\000u\000b\000j\000e\000c\000t\000\050\000\051}{subsection.6.9.2}% 82
\BOOKMARK [3][-]{subsubsection.6.9.2.3}{\376\377\0006\000.\0009\000.\0002\000.\0003\000\040\000g\000e\000t\000I\000d\000\050\000\051}{subsection.6.9.2}% 83
\BOOKMARK [3][-]{subsubsection.6.9.2.4}{\376\377\0006\000.\0009\000.\0002\000.\0004\000\040\000g\000e\000t\000N\000a\000m\000e\000\050\000\051}{subsection.6.9.2}% 84
\BOOKMARK [3][-]{subsubsection.6.9.2.5}{\376\377\0006\000.\0009\000.\0002\000.\0005\000\040\000g\000e\000t\000S\000t\000u\000d\000e\000n\000t\000s\000\050\000\051}{subsection.6.9.2}% 85
\BOOKMARK [3][-]{subsubsection.6.9.2.6}{\376\377\0006\000.\0009\000.\0002\000.\0006\000\040\000g\000e\000t\000S\000u\000b\000j\000e\000c\000t\000s\000\050\000\051}{subsection.6.9.2}% 86
\BOOKMARK [3][-]{subsubsection.6.9.2.7}{\376\377\0006\000.\0009\000.\0002\000.\0007\000\040\000g\000e\000t\000U\000n\000i\000v\000e\000r\000s\000i\000t\000y\000\050\000\051}{subsection.6.9.2}% 87
\BOOKMARK [3][-]{subsubsection.6.9.2.8}{\376\377\0006\000.\0009\000.\0002\000.\0008\000\040\000r\000e\000m\000o\000v\000e\000S\000t\000u\000d\000e\000n\000t\000\050\000\051}{subsection.6.9.2}% 88
\BOOKMARK [3][-]{subsubsection.6.9.2.9}{\376\377\0006\000.\0009\000.\0002\000.\0009\000\040\000r\000e\000m\000o\000v\000e\000S\000u\000b\000j\000e\000c\000t\000\050\000\051}{subsection.6.9.2}% 89
\BOOKMARK [3][-]{subsubsection.6.9.2.10}{\376\377\0006\000.\0009\000.\0002\000.\0001\0000\000\040\000s\000e\000t\000N\000a\000m\000e\000\050\000\051}{subsection.6.9.2}% 90
\BOOKMARK [3][-]{subsubsection.6.9.2.11}{\376\377\0006\000.\0009\000.\0002\000.\0001\0001\000\040\000s\000e\000t\000U\000n\000i\000v\000e\000r\000s\000i\000t\000y\000\050\000\051}{subsection.6.9.2}% 91
\BOOKMARK [1][-]{section.6.10}{\376\377\0006\000.\0001\0000\000\040\000A\000p\000p\000\134\000R\000e\000p\000o\000s\000i\000t\000o\000r\000y\000\134\000F\000i\000e\000l\000d\000O\000f\000S\000t\000u\000d\000y\000R\000e\000p\000o\000s\000i\000t\000o\000r\000y\000\040\000C\000l\000a\000s\000s\000\040\000R\000e\000f\000e\000r\000e\000n\000c\000e}{chapter.6}% 92
\BOOKMARK [2][-]{subsection.6.10.1}{\376\377\0006\000.\0001\0000\000.\0001\000\040\000D\000e\000t\000a\000i\000l\000e\000d\000\040\000D\000e\000s\000c\000r\000i\000p\000t\000i\000o\000n}{section.6.10}% 93
\BOOKMARK [2][-]{subsection.6.10.2}{\376\377\0006\000.\0001\0000\000.\0002\000\040\000C\000o\000n\000s\000t\000r\000u\000c\000t\000o\000r\000\040\000\046\000\040\000D\000e\000s\000t\000r\000u\000c\000t\000o\000r\000\040\000D\000o\000c\000u\000m\000e\000n\000t\000a\000t\000i\000o\000n}{section.6.10}% 94
\BOOKMARK [3][-]{subsubsection.6.10.2.1}{\376\377\0006\000.\0001\0000\000.\0002\000.\0001\000\040\000\137\000\137\000c\000o\000n\000s\000t\000r\000u\000c\000t\000\050\000\051}{subsection.6.10.2}% 95
\BOOKMARK [1][-]{section.6.11}{\376\377\0006\000.\0001\0001\000\040\000A\000p\000p\000\134\000E\000n\000t\000i\000t\000y\000\134\000G\000r\000a\000d\000e\000\040\000C\000l\000a\000s\000s\000\040\000R\000e\000f\000e\000r\000e\000n\000c\000e}{chapter.6}% 96
\BOOKMARK [2][-]{subsection.6.11.1}{\376\377\0006\000.\0001\0001\000.\0001\000\040\000M\000e\000m\000b\000e\000r\000\040\000F\000u\000n\000c\000t\000i\000o\000n\000\040\000D\000o\000c\000u\000m\000e\000n\000t\000a\000t\000i\000o\000n}{section.6.11}% 97
\BOOKMARK [3][-]{subsubsection.6.11.1.1}{\376\377\0006\000.\0001\0001\000.\0001\000.\0001\000\040\000g\000e\000t\000D\000a\000t\000e\000O\000f\000C\000r\000e\000a\000t\000i\000o\000n\000\050\000\051}{subsection.6.11.1}% 98
\BOOKMARK [3][-]{subsubsection.6.11.1.2}{\376\377\0006\000.\0001\0001\000.\0001\000.\0002\000\040\000g\000e\000t\000G\000r\000o\000u\000p\000p\000\050\000\051}{subsection.6.11.1}% 99
\BOOKMARK [3][-]{subsubsection.6.11.1.3}{\376\377\0006\000.\0001\0001\000.\0001\000.\0003\000\040\000g\000e\000t\000I\000d\000\050\000\051}{subsection.6.11.1}% 100
\BOOKMARK [3][-]{subsubsection.6.11.1.4}{\376\377\0006\000.\0001\0001\000.\0001\000.\0004\000\040\000g\000e\000t\000S\000t\000u\000d\000e\000n\000t\000\050\000\051}{subsection.6.11.1}% 101
\BOOKMARK [3][-]{subsubsection.6.11.1.5}{\376\377\0006\000.\0001\0001\000.\0001\000.\0005\000\040\000g\000e\000t\000V\000a\000l\000u\000e\000\050\000\051}{subsection.6.11.1}% 102
\BOOKMARK [3][-]{subsubsection.6.11.1.6}{\376\377\0006\000.\0001\0001\000.\0001\000.\0006\000\040\000s\000e\000t\000D\000a\000t\000e\000O\000f\000C\000r\000e\000a\000t\000i\000o\000n\000\050\000\051}{subsection.6.11.1}% 103
\BOOKMARK [3][-]{subsubsection.6.11.1.7}{\376\377\0006\000.\0001\0001\000.\0001\000.\0007\000\040\000s\000e\000t\000G\000r\000o\000u\000p\000p\000\050\000\051}{subsection.6.11.1}% 104
\BOOKMARK [3][-]{subsubsection.6.11.1.8}{\376\377\0006\000.\0001\0001\000.\0001\000.\0008\000\040\000s\000e\000t\000S\000t\000u\000d\000e\000n\000t\000\050\000\051}{subsection.6.11.1}% 105
\BOOKMARK [3][-]{subsubsection.6.11.1.9}{\376\377\0006\000.\0001\0001\000.\0001\000.\0009\000\040\000s\000e\000t\000V\000a\000l\000u\000e\000\050\000\051}{subsection.6.11.1}% 106
\BOOKMARK [1][-]{section.6.12}{\376\377\0006\000.\0001\0002\000\040\000A\000p\000p\000\134\000R\000e\000p\000o\000s\000i\000t\000o\000r\000y\000\134\000G\000r\000a\000d\000e\000R\000e\000p\000o\000s\000i\000t\000o\000r\000y\000\040\000C\000l\000a\000s\000s\000\040\000R\000e\000f\000e\000r\000e\000n\000c\000e}{chapter.6}% 107
\BOOKMARK [2][-]{subsection.6.12.1}{\376\377\0006\000.\0001\0002\000.\0001\000\040\000D\000e\000t\000a\000i\000l\000e\000d\000\040\000D\000e\000s\000c\000r\000i\000p\000t\000i\000o\000n}{section.6.12}% 108
\BOOKMARK [2][-]{subsection.6.12.2}{\376\377\0006\000.\0001\0002\000.\0002\000\040\000C\000o\000n\000s\000t\000r\000u\000c\000t\000o\000r\000\040\000\046\000\040\000D\000e\000s\000t\000r\000u\000c\000t\000o\000r\000\040\000D\000o\000c\000u\000m\000e\000n\000t\000a\000t\000i\000o\000n}{section.6.12}% 109
\BOOKMARK [3][-]{subsubsection.6.12.2.1}{\376\377\0006\000.\0001\0002\000.\0002\000.\0001\000\040\000\137\000\137\000c\000o\000n\000s\000t\000r\000u\000c\000t\000\050\000\051}{subsection.6.12.2}% 110
\BOOKMARK [1][-]{section.6.13}{\376\377\0006\000.\0001\0003\000\040\000A\000p\000p\000\134\000E\000n\000t\000i\000t\000y\000\134\000G\000r\000o\000u\000p\000\040\000C\000l\000a\000s\000s\000\040\000R\000e\000f\000e\000r\000e\000n\000c\000e}{chapter.6}% 111
\BOOKMARK [2][-]{subsection.6.13.1}{\376\377\0006\000.\0001\0003\000.\0001\000\040\000C\000o\000n\000s\000t\000r\000u\000c\000t\000o\000r\000\040\000\046\000\040\000D\000e\000s\000t\000r\000u\000c\000t\000o\000r\000\040\000D\000o\000c\000u\000m\000e\000n\000t\000a\000t\000i\000o\000n}{section.6.13}% 112
\BOOKMARK [3][-]{subsubsection.6.13.1.1}{\376\377\0006\000.\0001\0003\000.\0001\000.\0001\000\040\000\137\000\137\000c\000o\000n\000s\000t\000r\000u\000c\000t\000\050\000\051}{subsection.6.13.1}% 113
\BOOKMARK [2][-]{subsection.6.13.2}{\376\377\0006\000.\0001\0003\000.\0002\000\040\000M\000e\000m\000b\000e\000r\000\040\000F\000u\000n\000c\000t\000i\000o\000n\000\040\000D\000o\000c\000u\000m\000e\000n\000t\000a\000t\000i\000o\000n}{section.6.13}% 114
\BOOKMARK [3][-]{subsubsection.6.13.2.1}{\376\377\0006\000.\0001\0003\000.\0002\000.\0001\000\040\000a\000d\000d\000A\000t\000t\000e\000n\000d\000a\000n\000c\000e\000\050\000\051}{subsection.6.13.2}% 115
\BOOKMARK [3][-]{subsubsection.6.13.2.2}{\376\377\0006\000.\0001\0003\000.\0002\000.\0002\000\040\000a\000d\000d\000G\000r\000a\000d\000e\000\050\000\051}{subsection.6.13.2}% 116
\BOOKMARK [3][-]{subsubsection.6.13.2.3}{\376\377\0006\000.\0001\0003\000.\0002\000.\0003\000\040\000a\000d\000d\000N\000o\000t\000e\000\050\000\051}{subsection.6.13.2}% 117
\BOOKMARK [3][-]{subsubsection.6.13.2.4}{\376\377\0006\000.\0001\0003\000.\0002\000.\0004\000\040\000a\000d\000d\000S\000t\000u\000d\000e\000n\000t\000\050\000\051}{subsection.6.13.2}% 118
\BOOKMARK [3][-]{subsubsection.6.13.2.5}{\376\377\0006\000.\0001\0003\000.\0002\000.\0005\000\040\000g\000e\000t\000A\000t\000t\000e\000n\000d\000a\000n\000c\000e\000s\000\050\000\051}{subsection.6.13.2}% 119
\BOOKMARK [3][-]{subsubsection.6.13.2.6}{\376\377\0006\000.\0001\0003\000.\0002\000.\0006\000\040\000g\000e\000t\000G\000r\000a\000d\000e\000s\000\050\000\051}{subsection.6.13.2}% 120
\BOOKMARK [3][-]{subsubsection.6.13.2.7}{\376\377\0006\000.\0001\0003\000.\0002\000.\0007\000\040\000g\000e\000t\000I\000d\000\050\000\051}{subsection.6.13.2}% 121
\BOOKMARK [3][-]{subsubsection.6.13.2.8}{\376\377\0006\000.\0001\0003\000.\0002\000.\0008\000\040\000g\000e\000t\000N\000o\000t\000e\000s\000\050\000\051}{subsection.6.13.2}% 122
\BOOKMARK [3][-]{subsubsection.6.13.2.9}{\376\377\0006\000.\0001\0003\000.\0002\000.\0009\000\040\000g\000e\000t\000N\000u\000m\000e\000r\000\050\000\051}{subsection.6.13.2}% 123
\BOOKMARK [3][-]{subsubsection.6.13.2.10}{\376\377\0006\000.\0001\0003\000.\0002\000.\0001\0000\000\040\000g\000e\000t\000P\000r\000o\000f\000e\000s\000s\000o\000r\000\050\000\051}{subsection.6.13.2}% 124
\BOOKMARK [3][-]{subsubsection.6.13.2.11}{\376\377\0006\000.\0001\0003\000.\0002\000.\0001\0001\000\040\000g\000e\000t\000S\000t\000u\000d\000e\000n\000t\000s\000\050\000\051}{subsection.6.13.2}% 125
\BOOKMARK [3][-]{subsubsection.6.13.2.12}{\376\377\0006\000.\0001\0003\000.\0002\000.\0001\0002\000\040\000g\000e\000t\000S\000u\000b\000j\000e\000c\000t\000O\000f\000I\000n\000t\000a\000n\000c\000e\000\050\000\051}{subsection.6.13.2}% 126
\BOOKMARK [3][-]{subsubsection.6.13.2.13}{\376\377\0006\000.\0001\0003\000.\0002\000.\0001\0003\000\040\000r\000e\000m\000o\000v\000e\000A\000t\000t\000e\000n\000d\000a\000n\000c\000e\000\050\000\051}{subsection.6.13.2}% 127
\BOOKMARK [3][-]{subsubsection.6.13.2.14}{\376\377\0006\000.\0001\0003\000.\0002\000.\0001\0004\000\040\000r\000e\000m\000o\000v\000e\000G\000r\000a\000d\000e\000\050\000\051}{subsection.6.13.2}% 128
\BOOKMARK [3][-]{subsubsection.6.13.2.15}{\376\377\0006\000.\0001\0003\000.\0002\000.\0001\0005\000\040\000r\000e\000m\000o\000v\000e\000N\000o\000t\000e\000\050\000\051}{subsection.6.13.2}% 129
\BOOKMARK [3][-]{subsubsection.6.13.2.16}{\376\377\0006\000.\0001\0003\000.\0002\000.\0001\0006\000\040\000r\000e\000m\000o\000v\000e\000S\000t\000u\000d\000e\000n\000t\000\050\000\051}{subsection.6.13.2}% 130
\BOOKMARK [3][-]{subsubsection.6.13.2.17}{\376\377\0006\000.\0001\0003\000.\0002\000.\0001\0007\000\040\000s\000e\000t\000N\000u\000m\000e\000r\000\050\000\051}{subsection.6.13.2}% 131
\BOOKMARK [3][-]{subsubsection.6.13.2.18}{\376\377\0006\000.\0001\0003\000.\0002\000.\0001\0008\000\040\000s\000e\000t\000P\000r\000o\000f\000e\000s\000s\000o\000r\000\050\000\051}{subsection.6.13.2}% 132
\BOOKMARK [3][-]{subsubsection.6.13.2.19}{\376\377\0006\000.\0001\0003\000.\0002\000.\0001\0009\000\040\000s\000e\000t\000S\000u\000b\000j\000e\000c\000t\000O\000f\000I\000n\000t\000a\000n\000c\000e\000\050\000\051}{subsection.6.13.2}% 133
\BOOKMARK [1][-]{section.6.14}{\376\377\0006\000.\0001\0004\000\040\000A\000p\000p\000\134\000R\000e\000p\000o\000s\000i\000t\000o\000r\000y\000\134\000G\000r\000o\000u\000p\000R\000e\000p\000o\000s\000i\000t\000o\000r\000y\000\040\000C\000l\000a\000s\000s\000\040\000R\000e\000f\000e\000r\000e\000n\000c\000e}{chapter.6}% 134
\BOOKMARK [2][-]{subsection.6.14.1}{\376\377\0006\000.\0001\0004\000.\0001\000\040\000D\000e\000t\000a\000i\000l\000e\000d\000\040\000D\000e\000s\000c\000r\000i\000p\000t\000i\000o\000n}{section.6.14}% 135
\BOOKMARK [2][-]{subsection.6.14.2}{\376\377\0006\000.\0001\0004\000.\0002\000\040\000C\000o\000n\000s\000t\000r\000u\000c\000t\000o\000r\000\040\000\046\000\040\000D\000e\000s\000t\000r\000u\000c\000t\000o\000r\000\040\000D\000o\000c\000u\000m\000e\000n\000t\000a\000t\000i\000o\000n}{section.6.14}% 136
\BOOKMARK [3][-]{subsubsection.6.14.2.1}{\376\377\0006\000.\0001\0004\000.\0002\000.\0001\000\040\000\137\000\137\000c\000o\000n\000s\000t\000r\000u\000c\000t\000\050\000\051}{subsection.6.14.2}% 137
\BOOKMARK [1][-]{section.6.15}{\376\377\0006\000.\0001\0005\000\040\000A\000p\000p\000\134\000K\000e\000r\000n\000e\000l\000\040\000C\000l\000a\000s\000s\000\040\000R\000e\000f\000e\000r\000e\000n\000c\000e}{chapter.6}% 138
\BOOKMARK [1][-]{section.6.16}{\376\377\0006\000.\0001\0006\000\040\000A\000p\000p\000\134\000E\000n\000t\000i\000t\000y\000\134\000N\000o\000t\000e\000\040\000C\000l\000a\000s\000s\000\040\000R\000e\000f\000e\000r\000e\000n\000c\000e}{chapter.6}% 139
\BOOKMARK [2][-]{subsection.6.16.1}{\376\377\0006\000.\0001\0006\000.\0001\000\040\000M\000e\000m\000b\000e\000r\000\040\000F\000u\000n\000c\000t\000i\000o\000n\000\040\000D\000o\000c\000u\000m\000e\000n\000t\000a\000t\000i\000o\000n}{section.6.16}% 140
\BOOKMARK [3][-]{subsubsection.6.16.1.1}{\376\377\0006\000.\0001\0006\000.\0001\000.\0001\000\040\000g\000e\000t\000A\000u\000t\000h\000o\000r\000\050\000\051}{subsection.6.16.1}% 141
\BOOKMARK [3][-]{subsubsection.6.16.1.2}{\376\377\0006\000.\0001\0006\000.\0001\000.\0002\000\040\000g\000e\000t\000C\000o\000n\000t\000e\000n\000t\000\050\000\051}{subsection.6.16.1}% 142
\BOOKMARK [3][-]{subsubsection.6.16.1.3}{\376\377\0006\000.\0001\0006\000.\0001\000.\0003\000\040\000g\000e\000t\000C\000r\000e\000a\000t\000i\000o\000n\000D\000a\000t\000e\000\050\000\051}{subsection.6.16.1}% 143
\BOOKMARK [3][-]{subsubsection.6.16.1.4}{\376\377\0006\000.\0001\0006\000.\0001\000.\0004\000\040\000g\000e\000t\000I\000d\000\050\000\051}{subsection.6.16.1}% 144
\BOOKMARK [3][-]{subsubsection.6.16.1.5}{\376\377\0006\000.\0001\0006\000.\0001\000.\0005\000\040\000g\000e\000t\000R\000e\000l\000a\000t\000e\000d\000G\000r\000o\000u\000p\000\050\000\051}{subsection.6.16.1}% 145
\BOOKMARK [3][-]{subsubsection.6.16.1.6}{\376\377\0006\000.\0001\0006\000.\0001\000.\0006\000\040\000g\000e\000t\000T\000i\000t\000l\000e\000\050\000\051}{subsection.6.16.1}% 146
\BOOKMARK [3][-]{subsubsection.6.16.1.7}{\376\377\0006\000.\0001\0006\000.\0001\000.\0007\000\040\000s\000e\000t\000A\000u\000t\000h\000o\000r\000\050\000\051}{subsection.6.16.1}% 147
\BOOKMARK [3][-]{subsubsection.6.16.1.8}{\376\377\0006\000.\0001\0006\000.\0001\000.\0008\000\040\000s\000e\000t\000C\000o\000n\000t\000e\000n\000t\000\050\000\051}{subsection.6.16.1}% 148
\BOOKMARK [3][-]{subsubsection.6.16.1.9}{\376\377\0006\000.\0001\0006\000.\0001\000.\0009\000\040\000s\000e\000t\000C\000r\000e\000a\000t\000i\000o\000n\000D\000a\000t\000e\000\050\000\051}{subsection.6.16.1}% 149
\BOOKMARK [3][-]{subsubsection.6.16.1.10}{\376\377\0006\000.\0001\0006\000.\0001\000.\0001\0000\000\040\000s\000e\000t\000R\000e\000l\000a\000t\000e\000d\000G\000r\000o\000u\000p\000\050\000\051}{subsection.6.16.1}% 150
\BOOKMARK [3][-]{subsubsection.6.16.1.11}{\376\377\0006\000.\0001\0006\000.\0001\000.\0001\0001\000\040\000s\000e\000t\000T\000i\000t\000l\000e\000\050\000\051}{subsection.6.16.1}% 151
\BOOKMARK [1][-]{section.6.17}{\376\377\0006\000.\0001\0007\000\040\000A\000p\000p\000\134\000R\000e\000p\000o\000s\000i\000t\000o\000r\000y\000\134\000N\000o\000t\000e\000R\000e\000p\000o\000s\000i\000t\000o\000r\000y\000\040\000C\000l\000a\000s\000s\000\040\000R\000e\000f\000e\000r\000e\000n\000c\000e}{chapter.6}% 152
\BOOKMARK [2][-]{subsection.6.17.1}{\376\377\0006\000.\0001\0007\000.\0001\000\040\000D\000e\000t\000a\000i\000l\000e\000d\000\040\000D\000e\000s\000c\000r\000i\000p\000t\000i\000o\000n}{section.6.17}% 153
\BOOKMARK [2][-]{subsection.6.17.2}{\376\377\0006\000.\0001\0007\000.\0002\000\040\000C\000o\000n\000s\000t\000r\000u\000c\000t\000o\000r\000\040\000\046\000\040\000D\000e\000s\000t\000r\000u\000c\000t\000o\000r\000\040\000D\000o\000c\000u\000m\000e\000n\000t\000a\000t\000i\000o\000n}{section.6.17}% 154
\BOOKMARK [3][-]{subsubsection.6.17.2.1}{\376\377\0006\000.\0001\0007\000.\0002\000.\0001\000\040\000\137\000\137\000c\000o\000n\000s\000t\000r\000u\000c\000t\000\050\000\051}{subsection.6.17.2}% 155
\BOOKMARK [1][-]{section.6.18}{\376\377\0006\000.\0001\0008\000\040\000A\000p\000p\000\134\000E\000n\000t\000i\000t\000y\000\134\000S\000u\000b\000j\000e\000c\000t\000\040\000C\000l\000a\000s\000s\000\040\000R\000e\000f\000e\000r\000e\000n\000c\000e}{chapter.6}% 156
\BOOKMARK [2][-]{subsection.6.18.1}{\376\377\0006\000.\0001\0008\000.\0001\000\040\000M\000e\000m\000b\000e\000r\000\040\000F\000u\000n\000c\000t\000i\000o\000n\000\040\000D\000o\000c\000u\000m\000e\000n\000t\000a\000t\000i\000o\000n}{section.6.18}% 157
\BOOKMARK [3][-]{subsubsection.6.18.1.1}{\376\377\0006\000.\0001\0008\000.\0001\000.\0001\000\040\000g\000e\000t\000F\000i\000e\000l\000d\000O\000f\000S\000t\000u\000d\000y\000\050\000\051}{subsection.6.18.1}% 158
\BOOKMARK [3][-]{subsubsection.6.18.1.2}{\376\377\0006\000.\0001\0008\000.\0001\000.\0002\000\040\000g\000e\000t\000I\000d\000\050\000\051}{subsection.6.18.1}% 159
\BOOKMARK [3][-]{subsubsection.6.18.1.3}{\376\377\0006\000.\0001\0008\000.\0001\000.\0003\000\040\000g\000e\000t\000N\000a\000m\000e\000\050\000\051}{subsection.6.18.1}% 160
\BOOKMARK [3][-]{subsubsection.6.18.1.4}{\376\377\0006\000.\0001\0008\000.\0001\000.\0004\000\040\000s\000e\000t\000F\000i\000e\000l\000d\000O\000f\000S\000t\000u\000d\000y\000\050\000\051}{subsection.6.18.1}% 161
\BOOKMARK [3][-]{subsubsection.6.18.1.5}{\376\377\0006\000.\0001\0008\000.\0001\000.\0005\000\040\000s\000e\000t\000N\000a\000m\000e\000\050\000\051}{subsection.6.18.1}% 162
\BOOKMARK [1][-]{section.6.19}{\376\377\0006\000.\0001\0009\000\040\000A\000p\000p\000\134\000E\000n\000t\000i\000t\000y\000\134\000S\000u\000b\000j\000e\000c\000t\000O\000f\000I\000n\000s\000t\000a\000n\000c\000e\000\040\000C\000l\000a\000s\000s\000\040\000R\000e\000f\000e\000r\000e\000n\000c\000e}{chapter.6}% 163
\BOOKMARK [2][-]{subsection.6.19.1}{\376\377\0006\000.\0001\0009\000.\0001\000\040\000C\000o\000n\000s\000t\000r\000u\000c\000t\000o\000r\000\040\000\046\000\040\000D\000e\000s\000t\000r\000u\000c\000t\000o\000r\000\040\000D\000o\000c\000u\000m\000e\000n\000t\000a\000t\000i\000o\000n}{section.6.19}% 164
\BOOKMARK [3][-]{subsubsection.6.19.1.1}{\376\377\0006\000.\0001\0009\000.\0001\000.\0001\000\040\000\137\000\137\000c\000o\000n\000s\000t\000r\000u\000c\000t\000\050\000\051}{subsection.6.19.1}% 165
\BOOKMARK [2][-]{subsection.6.19.2}{\376\377\0006\000.\0001\0009\000.\0002\000\040\000M\000e\000m\000b\000e\000r\000\040\000F\000u\000n\000c\000t\000i\000o\000n\000\040\000D\000o\000c\000u\000m\000e\000n\000t\000a\000t\000i\000o\000n}{section.6.19}% 166
\BOOKMARK [3][-]{subsubsection.6.19.2.1}{\376\377\0006\000.\0001\0009\000.\0002\000.\0001\000\040\000a\000d\000d\000G\000r\000o\000u\000p\000s\000s\000\050\000\051}{subsection.6.19.2}% 167
\BOOKMARK [3][-]{subsubsection.6.19.2.2}{\376\377\0006\000.\0001\0009\000.\0002\000.\0002\000\040\000g\000e\000t\000C\000o\000o\000r\000d\000i\000n\000a\000t\000o\000r\000\050\000\051}{subsection.6.19.2}% 168
\BOOKMARK [3][-]{subsubsection.6.19.2.3}{\376\377\0006\000.\0001\0009\000.\0002\000.\0003\000\040\000g\000e\000t\000G\000r\000o\000u\000p\000s\000s\000\050\000\051}{subsection.6.19.2}% 169
\BOOKMARK [3][-]{subsubsection.6.19.2.4}{\376\377\0006\000.\0001\0009\000.\0002\000.\0004\000\040\000g\000e\000t\000I\000d\000\050\000\051}{subsection.6.19.2}% 170
\BOOKMARK [3][-]{subsubsection.6.19.2.5}{\376\377\0006\000.\0001\0009\000.\0002\000.\0005\000\040\000g\000e\000t\000S\000u\000b\000j\000e\000c\000t\000\050\000\051}{subsection.6.19.2}% 171
\BOOKMARK [3][-]{subsubsection.6.19.2.6}{\376\377\0006\000.\0001\0009\000.\0002\000.\0006\000\040\000r\000e\000m\000o\000v\000e\000G\000r\000o\000u\000p\000s\000s\000\050\000\051}{subsection.6.19.2}% 172
\BOOKMARK [3][-]{subsubsection.6.19.2.7}{\376\377\0006\000.\0001\0009\000.\0002\000.\0007\000\040\000s\000e\000t\000C\000o\000o\000r\000d\000i\000n\000a\000t\000o\000r\000\050\000\051}{subsection.6.19.2}% 173
\BOOKMARK [3][-]{subsubsection.6.19.2.8}{\376\377\0006\000.\0001\0009\000.\0002\000.\0008\000\040\000s\000e\000t\000S\000u\000b\000j\000e\000c\000t\000\050\000\051}{subsection.6.19.2}% 174
\BOOKMARK [1][-]{section.6.20}{\376\377\0006\000.\0002\0000\000\040\000A\000p\000p\000\134\000R\000e\000p\000o\000s\000i\000t\000o\000r\000y\000\134\000S\000u\000b\000j\000e\000c\000t\000O\000f\000I\000n\000s\000t\000a\000n\000c\000e\000R\000e\000p\000o\000s\000i\000t\000o\000r\000y\000\040\000C\000l\000a\000s\000s\000\040\000R\000e\000f\000e\000r\000e\000n\000c\000e}{chapter.6}% 175
\BOOKMARK [2][-]{subsection.6.20.1}{\376\377\0006\000.\0002\0000\000.\0001\000\040\000D\000e\000t\000a\000i\000l\000e\000d\000\040\000D\000e\000s\000c\000r\000i\000p\000t\000i\000o\000n}{section.6.20}% 176
\BOOKMARK [2][-]{subsection.6.20.2}{\376\377\0006\000.\0002\0000\000.\0002\000\040\000C\000o\000n\000s\000t\000r\000u\000c\000t\000o\000r\000\040\000\046\000\040\000D\000e\000s\000t\000r\000u\000c\000t\000o\000r\000\040\000D\000o\000c\000u\000m\000e\000n\000t\000a\000t\000i\000o\000n}{section.6.20}% 177
\BOOKMARK [3][-]{subsubsection.6.20.2.1}{\376\377\0006\000.\0002\0000\000.\0002\000.\0001\000\040\000\137\000\137\000c\000o\000n\000s\000t\000r\000u\000c\000t\000\050\000\051}{subsection.6.20.2}% 178
\BOOKMARK [1][-]{section.6.21}{\376\377\0006\000.\0002\0001\000\040\000A\000p\000p\000\134\000R\000e\000p\000o\000s\000i\000t\000o\000r\000y\000\134\000S\000u\000b\000j\000e\000c\000t\000R\000e\000p\000o\000s\000i\000t\000o\000r\000y\000\040\000C\000l\000a\000s\000s\000\040\000R\000e\000f\000e\000r\000e\000n\000c\000e}{chapter.6}% 179
\BOOKMARK [2][-]{subsection.6.21.1}{\376\377\0006\000.\0002\0001\000.\0001\000\040\000D\000e\000t\000a\000i\000l\000e\000d\000\040\000D\000e\000s\000c\000r\000i\000p\000t\000i\000o\000n}{section.6.21}% 180
\BOOKMARK [2][-]{subsection.6.21.2}{\376\377\0006\000.\0002\0001\000.\0002\000\040\000C\000o\000n\000s\000t\000r\000u\000c\000t\000o\000r\000\040\000\046\000\040\000D\000e\000s\000t\000r\000u\000c\000t\000o\000r\000\040\000D\000o\000c\000u\000m\000e\000n\000t\000a\000t\000i\000o\000n}{section.6.21}% 181
\BOOKMARK [3][-]{subsubsection.6.21.2.1}{\376\377\0006\000.\0002\0001\000.\0002\000.\0001\000\040\000\137\000\137\000c\000o\000n\000s\000t\000r\000u\000c\000t\000\050\000\051}{subsection.6.21.2}% 182
\BOOKMARK [1][-]{section.6.22}{\376\377\0006\000.\0002\0002\000\040\000A\000p\000p\000\134\000E\000n\000t\000i\000t\000y\000\134\000U\000n\000i\000v\000e\000r\000s\000i\000t\000y\000\040\000C\000l\000a\000s\000s\000\040\000R\000e\000f\000e\000r\000e\000n\000c\000e}{chapter.6}% 183
\BOOKMARK [2][-]{subsection.6.22.1}{\376\377\0006\000.\0002\0002\000.\0001\000\040\000C\000o\000n\000s\000t\000r\000u\000c\000t\000o\000r\000\040\000\046\000\040\000D\000e\000s\000t\000r\000u\000c\000t\000o\000r\000\040\000D\000o\000c\000u\000m\000e\000n\000t\000a\000t\000i\000o\000n}{section.6.22}% 184
\BOOKMARK [3][-]{subsubsection.6.22.1.1}{\376\377\0006\000.\0002\0002\000.\0001\000.\0001\000\040\000\137\000\137\000c\000o\000n\000s\000t\000r\000u\000c\000t\000\050\000\051}{subsection.6.22.1}% 185
\BOOKMARK [2][-]{subsection.6.22.2}{\376\377\0006\000.\0002\0002\000.\0002\000\040\000M\000e\000m\000b\000e\000r\000\040\000F\000u\000n\000c\000t\000i\000o\000n\000\040\000D\000o\000c\000u\000m\000e\000n\000t\000a\000t\000i\000o\000n}{section.6.22}% 186
\BOOKMARK [3][-]{subsubsection.6.22.2.1}{\376\377\0006\000.\0002\0002\000.\0002\000.\0001\000\040\000a\000d\000d\000F\000i\000e\000l\000d\000O\000f\000S\000t\000u\000d\000y\000\050\000\051}{subsection.6.22.2}% 187
\BOOKMARK [3][-]{subsubsection.6.22.2.2}{\376\377\0006\000.\0002\0002\000.\0002\000.\0002\000\040\000g\000e\000t\000A\000d\000d\000r\000e\000s\000s\000\050\000\051}{subsection.6.22.2}% 188
\BOOKMARK [3][-]{subsubsection.6.22.2.3}{\376\377\0006\000.\0002\0002\000.\0002\000.\0003\000\040\000g\000e\000t\000F\000i\000e\000l\000d\000O\000f\000S\000t\000u\000d\000i\000e\000s\000\050\000\051}{subsection.6.22.2}% 189
\BOOKMARK [3][-]{subsubsection.6.22.2.4}{\376\377\0006\000.\0002\0002\000.\0002\000.\0004\000\040\000g\000e\000t\000I\000d\000\050\000\051}{subsection.6.22.2}% 190
\BOOKMARK [3][-]{subsubsection.6.22.2.5}{\376\377\0006\000.\0002\0002\000.\0002\000.\0005\000\040\000g\000e\000t\000N\000a\000m\000e\000\050\000\051}{subsection.6.22.2}% 191
\BOOKMARK [3][-]{subsubsection.6.22.2.6}{\376\377\0006\000.\0002\0002\000.\0002\000.\0006\000\040\000g\000e\000t\000R\000e\000c\000t\000o\000r\000\050\000\051}{subsection.6.22.2}% 192
\BOOKMARK [3][-]{subsubsection.6.22.2.7}{\376\377\0006\000.\0002\0002\000.\0002\000.\0007\000\040\000r\000e\000m\000o\000v\000e\000F\000i\000e\000l\000d\000O\000f\000S\000t\000u\000d\000y\000\050\000\051}{subsection.6.22.2}% 193
\BOOKMARK [3][-]{subsubsection.6.22.2.8}{\376\377\0006\000.\0002\0002\000.\0002\000.\0008\000\040\000s\000e\000t\000A\000d\000d\000r\000e\000s\000s\000\050\000\051}{subsection.6.22.2}% 194
\BOOKMARK [3][-]{subsubsection.6.22.2.9}{\376\377\0006\000.\0002\0002\000.\0002\000.\0009\000\040\000s\000e\000t\000N\000a\000m\000e\000\050\000\051}{subsection.6.22.2}% 195
\BOOKMARK [3][-]{subsubsection.6.22.2.10}{\376\377\0006\000.\0002\0002\000.\0002\000.\0001\0000\000\040\000s\000e\000t\000R\000e\000c\000t\000o\000r\000\050\000\051}{subsection.6.22.2}% 196
\BOOKMARK [1][-]{section.6.23}{\376\377\0006\000.\0002\0003\000\040\000A\000p\000p\000\134\000R\000e\000p\000o\000s\000i\000t\000o\000r\000y\000\134\000U\000n\000i\000v\000e\000r\000s\000i\000t\000y\000R\000e\000p\000o\000s\000i\000t\000o\000r\000y\000\040\000C\000l\000a\000s\000s\000\040\000R\000e\000f\000e\000r\000e\000n\000c\000e}{chapter.6}% 197
\BOOKMARK [2][-]{subsection.6.23.1}{\376\377\0006\000.\0002\0003\000.\0001\000\040\000D\000e\000t\000a\000i\000l\000e\000d\000\040\000D\000e\000s\000c\000r\000i\000p\000t\000i\000o\000n}{section.6.23}% 198
\BOOKMARK [2][-]{subsection.6.23.2}{\376\377\0006\000.\0002\0003\000.\0002\000\040\000C\000o\000n\000s\000t\000r\000u\000c\000t\000o\000r\000\040\000\046\000\040\000D\000e\000s\000t\000r\000u\000c\000t\000o\000r\000\040\000D\000o\000c\000u\000m\000e\000n\000t\000a\000t\000i\000o\000n}{section.6.23}% 199
\BOOKMARK [3][-]{subsubsection.6.23.2.1}{\376\377\0006\000.\0002\0003\000.\0002\000.\0001\000\040\000\137\000\137\000c\000o\000n\000s\000t\000r\000u\000c\000t\000\050\000\051}{subsection.6.23.2}% 200
\BOOKMARK [1][-]{section.6.24}{\376\377\0006\000.\0002\0004\000\040\000A\000p\000p\000\134\000E\000n\000t\000i\000t\000y\000\134\000U\000s\000e\000r\000\040\000C\000l\000a\000s\000s\000\040\000R\000e\000f\000e\000r\000e\000n\000c\000e}{chapter.6}% 201
\BOOKMARK [2][-]{subsection.6.24.1}{\376\377\0006\000.\0002\0004\000.\0001\000\040\000C\000o\000n\000s\000t\000r\000u\000c\000t\000o\000r\000\040\000\046\000\040\000D\000e\000s\000t\000r\000u\000c\000t\000o\000r\000\040\000D\000o\000c\000u\000m\000e\000n\000t\000a\000t\000i\000o\000n}{section.6.24}% 202
\BOOKMARK [3][-]{subsubsection.6.24.1.1}{\376\377\0006\000.\0002\0004\000.\0001\000.\0001\000\040\000\137\000\137\000c\000o\000n\000s\000t\000r\000u\000c\000t\000\050\000\051}{subsection.6.24.1}% 203
\BOOKMARK [2][-]{subsection.6.24.2}{\376\377\0006\000.\0002\0004\000.\0002\000\040\000M\000e\000m\000b\000e\000r\000\040\000F\000u\000n\000c\000t\000i\000o\000n\000\040\000D\000o\000c\000u\000m\000e\000n\000t\000a\000t\000i\000o\000n}{section.6.24}% 204
\BOOKMARK [3][-]{subsubsection.6.24.2.1}{\376\377\0006\000.\0002\0004\000.\0002\000.\0001\000\040\000a\000d\000d\000A\000t\000t\000e\000n\000d\000a\000n\000c\000e\000\050\000\051}{subsection.6.24.2}% 205
\BOOKMARK [3][-]{subsubsection.6.24.2.2}{\376\377\0006\000.\0002\0004\000.\0002\000.\0002\000\040\000a\000d\000d\000G\000r\000a\000d\000e\000\050\000\051}{subsection.6.24.2}% 206
\BOOKMARK [3][-]{subsubsection.6.24.2.3}{\376\377\0006\000.\0002\0004\000.\0002\000.\0003\000\040\000a\000d\000d\000G\000r\000o\000u\000p\000s\000O\000f\000P\000r\000o\000f\000e\000s\000s\000o\000r\000\050\000\051}{subsection.6.24.2}% 207
\BOOKMARK [3][-]{subsubsection.6.24.2.4}{\376\377\0006\000.\0002\0004\000.\0002\000.\0004\000\040\000a\000d\000d\000G\000r\000o\000u\000p\000s\000O\000f\000S\000t\000u\000d\000e\000n\000t\000\050\000\051}{subsection.6.24.2}% 208
\BOOKMARK [3][-]{subsubsection.6.24.2.5}{\376\377\0006\000.\0002\0004\000.\0002\000.\0005\000\040\000a\000d\000d\000N\000o\000t\000e\000\050\000\051}{subsection.6.24.2}% 209
\BOOKMARK [3][-]{subsubsection.6.24.2.6}{\376\377\0006\000.\0002\0004\000.\0002\000.\0006\000\040\000a\000d\000d\000S\000u\000b\000j\000e\000c\000t\000O\000f\000I\000n\000s\000t\000a\000n\000c\000e\000\050\000\051}{subsection.6.24.2}% 210
\BOOKMARK [3][-]{subsubsection.6.24.2.7}{\376\377\0006\000.\0002\0004\000.\0002\000.\0007\000\040\000e\000r\000a\000s\000e\000C\000r\000e\000d\000e\000n\000t\000i\000a\000l\000s\000\050\000\051}{subsection.6.24.2}% 211
\BOOKMARK [3][-]{subsubsection.6.24.2.8}{\376\377\0006\000.\0002\0004\000.\0002\000.\0008\000\040\000g\000e\000t\000A\000t\000t\000e\000n\000d\000a\000n\000c\000e\000s\000\050\000\051}{subsection.6.24.2}% 212
\BOOKMARK [3][-]{subsubsection.6.24.2.9}{\376\377\0006\000.\0002\0004\000.\0002\000.\0009\000\040\000g\000e\000t\000D\000a\000t\000e\000O\000f\000B\000i\000r\000t\000h\000\050\000\051}{subsection.6.24.2}% 213
\BOOKMARK [3][-]{subsubsection.6.24.2.10}{\376\377\0006\000.\0002\0004\000.\0002\000.\0001\0000\000\040\000g\000e\000t\000E\000m\000a\000i\000l\000\050\000\051}{subsection.6.24.2}% 214
\BOOKMARK [3][-]{subsubsection.6.24.2.11}{\376\377\0006\000.\0002\0004\000.\0002\000.\0001\0001\000\040\000g\000e\000t\000F\000i\000e\000l\000d\000O\000f\000S\000t\000u\000d\000y\000\050\000\051}{subsection.6.24.2}% 215
\BOOKMARK [3][-]{subsubsection.6.24.2.12}{\376\377\0006\000.\0002\0004\000.\0002\000.\0001\0002\000\040\000g\000e\000t\000F\000i\000r\000s\000t\000N\000a\000m\000e\000\050\000\051}{subsection.6.24.2}% 216
\BOOKMARK [3][-]{subsubsection.6.24.2.13}{\376\377\0006\000.\0002\0004\000.\0002\000.\0001\0003\000\040\000g\000e\000t\000G\000r\000a\000d\000e\000s\000\050\000\051}{subsection.6.24.2}% 217
\BOOKMARK [3][-]{subsubsection.6.24.2.14}{\376\377\0006\000.\0002\0004\000.\0002\000.\0001\0004\000\040\000g\000e\000t\000G\000r\000o\000u\000p\000s\000O\000f\000P\000r\000o\000f\000e\000s\000s\000o\000r\000\050\000\051}{subsection.6.24.2}% 218
\BOOKMARK [3][-]{subsubsection.6.24.2.15}{\376\377\0006\000.\0002\0004\000.\0002\000.\0001\0005\000\040\000g\000e\000t\000G\000r\000o\000u\000p\000s\000O\000f\000S\000t\000u\000d\000e\000n\000t\000s\000\050\000\051}{subsection.6.24.2}% 219
\BOOKMARK [3][-]{subsubsection.6.24.2.16}{\376\377\0006\000.\0002\0004\000.\0002\000.\0001\0006\000\040\000g\000e\000t\000I\000d\000\050\000\051}{subsection.6.24.2}% 220
\BOOKMARK [3][-]{subsubsection.6.24.2.17}{\376\377\0006\000.\0002\0004\000.\0002\000.\0001\0007\000\040\000g\000e\000t\000L\000a\000s\000t\000N\000a\000m\000e\000\050\000\051}{subsection.6.24.2}% 221
\BOOKMARK [3][-]{subsubsection.6.24.2.18}{\376\377\0006\000.\0002\0004\000.\0002\000.\0001\0008\000\040\000g\000e\000t\000N\000o\000t\000e\000s\000\050\000\051}{subsection.6.24.2}% 222
\BOOKMARK [3][-]{subsubsection.6.24.2.19}{\376\377\0006\000.\0002\0004\000.\0002\000.\0001\0009\000\040\000g\000e\000t\000P\000a\000s\000s\000w\000o\000r\000d\000\050\000\051}{subsection.6.24.2}% 223
\BOOKMARK [3][-]{subsubsection.6.24.2.20}{\376\377\0006\000.\0002\0004\000.\0002\000.\0002\0000\000\040\000g\000e\000t\000R\000o\000l\000e\000s\000\050\000\051}{subsection.6.24.2}% 224
\BOOKMARK [3][-]{subsubsection.6.24.2.21}{\376\377\0006\000.\0002\0004\000.\0002\000.\0002\0001\000\040\000g\000e\000t\000S\000u\000b\000j\000e\000c\000t\000O\000f\000I\000n\000s\000t\000a\000n\000c\000e\000s\000\050\000\051}{subsection.6.24.2}% 225
\BOOKMARK [3][-]{subsubsection.6.24.2.22}{\376\377\0006\000.\0002\0004\000.\0002\000.\0002\0002\000\040\000g\000e\000t\000U\000n\000i\000v\000e\000r\000s\000i\000t\000y\000R\000e\000c\000t\000o\000r\000\050\000\051}{subsection.6.24.2}% 226
\BOOKMARK [3][-]{subsubsection.6.24.2.23}{\376\377\0006\000.\0002\0004\000.\0002\000.\0002\0003\000\040\000g\000e\000t\000U\000s\000e\000r\000I\000d\000e\000n\000t\000i\000f\000i\000e\000r\000\050\000\051}{subsection.6.24.2}% 227
\BOOKMARK [3][-]{subsubsection.6.24.2.24}{\376\377\0006\000.\0002\0004\000.\0002\000.\0002\0004\000\040\000r\000e\000m\000o\000v\000e\000A\000t\000t\000e\000n\000d\000a\000n\000c\000e\000\050\000\051}{subsection.6.24.2}% 228
\BOOKMARK [3][-]{subsubsection.6.24.2.25}{\376\377\0006\000.\0002\0004\000.\0002\000.\0002\0005\000\040\000r\000e\000m\000o\000v\000e\000G\000r\000a\000d\000e\000\050\000\051}{subsection.6.24.2}% 229
\BOOKMARK [3][-]{subsubsection.6.24.2.26}{\376\377\0006\000.\0002\0004\000.\0002\000.\0002\0006\000\040\000r\000e\000m\000o\000v\000e\000G\000r\000o\000u\000p\000s\000O\000f\000P\000r\000o\000f\000e\000s\000s\000o\000r\000\050\000\051}{subsection.6.24.2}% 230
\BOOKMARK [3][-]{subsubsection.6.24.2.27}{\376\377\0006\000.\0002\0004\000.\0002\000.\0002\0007\000\040\000r\000e\000m\000o\000v\000e\000G\000r\000o\000u\000p\000s\000O\000f\000S\000t\000u\000d\000e\000n\000t\000\050\000\051}{subsection.6.24.2}% 231
\BOOKMARK [3][-]{subsubsection.6.24.2.28}{\376\377\0006\000.\0002\0004\000.\0002\000.\0002\0008\000\040\000r\000e\000m\000o\000v\000e\000N\000o\000t\000e\000\050\000\051}{subsection.6.24.2}% 232
\BOOKMARK [3][-]{subsubsection.6.24.2.29}{\376\377\0006\000.\0002\0004\000.\0002\000.\0002\0009\000\040\000r\000e\000m\000o\000v\000e\000S\000u\000b\000j\000e\000c\000t\000O\000f\000I\000n\000s\000t\000a\000n\000c\000e\000\050\000\051}{subsection.6.24.2}% 233
\BOOKMARK [3][-]{subsubsection.6.24.2.30}{\376\377\0006\000.\0002\0004\000.\0002\000.\0003\0000\000\040\000s\000e\000t\000D\000a\000t\000e\000O\000f\000B\000i\000r\000t\000h\000\050\000\051}{subsection.6.24.2}% 234
\BOOKMARK [3][-]{subsubsection.6.24.2.31}{\376\377\0006\000.\0002\0004\000.\0002\000.\0003\0001\000\040\000s\000e\000t\000E\000m\000a\000i\000l\000\050\000\051}{subsection.6.24.2}% 235
\BOOKMARK [3][-]{subsubsection.6.24.2.32}{\376\377\0006\000.\0002\0004\000.\0002\000.\0003\0002\000\040\000s\000e\000t\000F\000i\000e\000l\000d\000O\000f\000S\000t\000u\000d\000y\000\050\000\051}{subsection.6.24.2}% 236
\BOOKMARK [3][-]{subsubsection.6.24.2.33}{\376\377\0006\000.\0002\0004\000.\0002\000.\0003\0003\000\040\000s\000e\000t\000F\000i\000r\000s\000t\000N\000a\000m\000e\000\050\000\051}{subsection.6.24.2}% 237
\BOOKMARK [3][-]{subsubsection.6.24.2.34}{\376\377\0006\000.\0002\0004\000.\0002\000.\0003\0004\000\040\000s\000e\000t\000L\000a\000s\000t\000N\000a\000m\000e\000\050\000\051}{subsection.6.24.2}% 238
\BOOKMARK [3][-]{subsubsection.6.24.2.35}{\376\377\0006\000.\0002\0004\000.\0002\000.\0003\0005\000\040\000s\000e\000t\000P\000a\000s\000s\000w\000o\000r\000d\000\050\000\051}{subsection.6.24.2}% 239
\BOOKMARK [3][-]{subsubsection.6.24.2.36}{\376\377\0006\000.\0002\0004\000.\0002\000.\0003\0006\000\040\000s\000e\000t\000R\000o\000l\000e\000s\000\050\000\051}{subsection.6.24.2}% 240
\BOOKMARK [3][-]{subsubsection.6.24.2.37}{\376\377\0006\000.\0002\0004\000.\0002\000.\0003\0007\000\040\000s\000e\000t\000U\000n\000i\000v\000e\000r\000s\000i\000t\000y\000R\000e\000c\000t\000o\000r\000\050\000\051}{subsection.6.24.2}% 241
\BOOKMARK [1][-]{section.6.25}{\376\377\0006\000.\0002\0005\000\040\000A\000p\000p\000\134\000R\000e\000p\000o\000s\000i\000t\000o\000r\000y\000\134\000U\000s\000e\000r\000R\000e\000p\000o\000s\000i\000t\000o\000r\000y\000\040\000C\000l\000a\000s\000s\000\040\000R\000e\000f\000e\000r\000e\000n\000c\000e}{chapter.6}% 242
\BOOKMARK [2][-]{subsection.6.25.1}{\376\377\0006\000.\0002\0005\000.\0001\000\040\000D\000e\000t\000a\000i\000l\000e\000d\000\040\000D\000e\000s\000c\000r\000i\000p\000t\000i\000o\000n}{section.6.25}% 243
\BOOKMARK [2][-]{subsection.6.25.2}{\376\377\0006\000.\0002\0005\000.\0002\000\040\000C\000o\000n\000s\000t\000r\000u\000c\000t\000o\000r\000\040\000\046\000\040\000D\000e\000s\000t\000r\000u\000c\000t\000o\000r\000\040\000D\000o\000c\000u\000m\000e\000n\000t\000a\000t\000i\000o\000n}{section.6.25}% 244
\BOOKMARK [3][-]{subsubsection.6.25.2.1}{\376\377\0006\000.\0002\0005\000.\0002\000.\0001\000\040\000\137\000\137\000c\000o\000n\000s\000t\000r\000u\000c\000t\000\050\000\051}{subsection.6.25.2}% 245
\BOOKMARK [0][-]{chapter.7}{\376\377\0007\000\040\000F\000i\000l\000e\000\040\000D\000o\000c\000u\000m\000e\000n\000t\000a\000t\000i\000o\000n}{}% 246
\BOOKMARK [1][-]{section.7.1}{\376\377\0007\000.\0001\000\040\000s\000r\000c\000/\000C\000o\000n\000t\000r\000o\000l\000l\000e\000r\000/\000A\000p\000i\000G\000r\000a\000d\000e\000C\000o\000n\000t\000r\000o\000l\000l\000e\000r\000.\000p\000h\000p\000\040\000F\000i\000l\000e\000\040\000R\000e\000f\000e\000r\000e\000n\000c\000e}{chapter.7}% 247
\BOOKMARK [1][-]{section.7.2}{\376\377\0007\000.\0002\000\040\000s\000r\000c\000/\000C\000o\000n\000t\000r\000o\000l\000l\000e\000r\000/\000A\000p\000i\000G\000r\000o\000u\000p\000C\000o\000n\000t\000r\000o\000l\000l\000e\000r\000.\000p\000h\000p\000\040\000F\000i\000l\000e\000\040\000R\000e\000f\000e\000r\000e\000n\000c\000e}{chapter.7}% 248
\BOOKMARK [1][-]{section.7.3}{\376\377\0007\000.\0003\000\040\000s\000r\000c\000/\000C\000o\000n\000t\000r\000o\000l\000l\000e\000r\000/\000A\000p\000i\000L\000o\000g\000i\000n\000C\000o\000n\000t\000r\000o\000l\000l\000e\000r\000.\000p\000h\000p\000\040\000F\000i\000l\000e\000\040\000R\000e\000f\000e\000r\000e\000n\000c\000e}{chapter.7}% 249
\BOOKMARK [1][-]{section.7.4}{\376\377\0007\000.\0004\000\040\000s\000r\000c\000/\000C\000o\000n\000t\000r\000o\000l\000l\000e\000r\000/\000A\000p\000i\000R\000e\000g\000i\000s\000t\000r\000a\000t\000i\000o\000n\000C\000o\000n\000t\000r\000o\000l\000l\000e\000r\000.\000p\000h\000p\000\040\000F\000i\000l\000e\000\040\000R\000e\000f\000e\000r\000e\000n\000c\000e}{chapter.7}% 250
\BOOKMARK [1][-]{section.7.5}{\376\377\0007\000.\0005\000\040\000s\000r\000c\000/\000C\000o\000n\000t\000r\000o\000l\000l\000e\000r\000/\000A\000p\000i\000U\000n\000i\000v\000e\000r\000s\000i\000t\000y\000C\000o\000n\000t\000r\000o\000l\000l\000e\000r\000.\000p\000h\000p\000\040\000F\000i\000l\000e\000\040\000R\000e\000f\000e\000r\000e\000n\000c\000e}{chapter.7}% 251
\BOOKMARK [1][-]{section.7.6}{\376\377\0007\000.\0006\000\040\000s\000r\000c\000/\000C\000o\000n\000t\000r\000o\000l\000l\000e\000r\000/\000A\000p\000i\000U\000s\000e\000r\000C\000o\000n\000t\000r\000o\000l\000l\000e\000r\000.\000p\000h\000p\000\040\000F\000i\000l\000e\000\040\000R\000e\000f\000e\000r\000e\000n\000c\000e}{chapter.7}% 252
\BOOKMARK [1][-]{section.7.7}{\376\377\0007\000.\0007\000\040\000s\000r\000c\000/\000E\000n\000t\000i\000t\000y\000/\000A\000t\000t\000e\000n\000d\000a\000n\000c\000e\000.\000p\000h\000p\000\040\000F\000i\000l\000e\000\040\000R\000e\000f\000e\000r\000e\000n\000c\000e}{chapter.7}% 253
\BOOKMARK [1][-]{section.7.8}{\376\377\0007\000.\0008\000\040\000s\000r\000c\000/\000E\000n\000t\000i\000t\000y\000/\000F\000i\000e\000l\000d\000O\000f\000S\000t\000u\000d\000y\000.\000p\000h\000p\000\040\000F\000i\000l\000e\000\040\000R\000e\000f\000e\000r\000e\000n\000c\000e}{chapter.7}% 254
\BOOKMARK [1][-]{section.7.9}{\376\377\0007\000.\0009\000\040\000s\000r\000c\000/\000E\000n\000t\000i\000t\000y\000/\000G\000r\000a\000d\000e\000.\000p\000h\000p\000\040\000F\000i\000l\000e\000\040\000R\000e\000f\000e\000r\000e\000n\000c\000e}{chapter.7}% 255
\BOOKMARK [1][-]{section.7.10}{\376\377\0007\000.\0001\0000\000\040\000s\000r\000c\000/\000E\000n\000t\000i\000t\000y\000/\000G\000r\000o\000u\000p\000.\000p\000h\000p\000\040\000F\000i\000l\000e\000\040\000R\000e\000f\000e\000r\000e\000n\000c\000e}{chapter.7}% 256
\BOOKMARK [1][-]{section.7.11}{\376\377\0007\000.\0001\0001\000\040\000s\000r\000c\000/\000E\000n\000t\000i\000t\000y\000/\000N\000o\000t\000e\000.\000p\000h\000p\000\040\000F\000i\000l\000e\000\040\000R\000e\000f\000e\000r\000e\000n\000c\000e}{chapter.7}% 257
\BOOKMARK [1][-]{section.7.12}{\376\377\0007\000.\0001\0002\000\040\000s\000r\000c\000/\000E\000n\000t\000i\000t\000y\000/\000S\000u\000b\000j\000e\000c\000t\000.\000p\000h\000p\000\040\000F\000i\000l\000e\000\040\000R\000e\000f\000e\000r\000e\000n\000c\000e}{chapter.7}% 258
\BOOKMARK [1][-]{section.7.13}{\376\377\0007\000.\0001\0003\000\040\000s\000r\000c\000/\000E\000n\000t\000i\000t\000y\000/\000S\000u\000b\000j\000e\000c\000t\000O\000f\000I\000n\000s\000t\000a\000n\000c\000e\000.\000p\000h\000p\000\040\000F\000i\000l\000e\000\040\000R\000e\000f\000e\000r\000e\000n\000c\000e}{chapter.7}% 259
\BOOKMARK [1][-]{section.7.14}{\376\377\0007\000.\0001\0004\000\040\000s\000r\000c\000/\000E\000n\000t\000i\000t\000y\000/\000U\000n\000i\000v\000e\000r\000s\000i\000t\000y\000.\000p\000h\000p\000\040\000F\000i\000l\000e\000\040\000R\000e\000f\000e\000r\000e\000n\000c\000e}{chapter.7}% 260
\BOOKMARK [1][-]{section.7.15}{\376\377\0007\000.\0001\0005\000\040\000s\000r\000c\000/\000E\000n\000t\000i\000t\000y\000/\000U\000s\000e\000r\000.\000p\000h\000p\000\040\000F\000i\000l\000e\000\040\000R\000e\000f\000e\000r\000e\000n\000c\000e}{chapter.7}% 261
\BOOKMARK [1][-]{section.7.16}{\376\377\0007\000.\0001\0006\000\040\000s\000r\000c\000/\000K\000e\000r\000n\000e\000l\000.\000p\000h\000p\000\040\000F\000i\000l\000e\000\040\000R\000e\000f\000e\000r\000e\000n\000c\000e}{chapter.7}% 262
\BOOKMARK [1][-]{section.7.17}{\376\377\0007\000.\0001\0007\000\040\000s\000r\000c\000/\000R\000e\000p\000o\000s\000i\000t\000o\000r\000y\000/\000A\000t\000t\000e\000n\000d\000a\000n\000c\000e\000R\000e\000p\000o\000s\000i\000t\000o\000r\000y\000.\000p\000h\000p\000\040\000F\000i\000l\000e\000\040\000R\000e\000f\000e\000r\000e\000n\000c\000e}{chapter.7}% 263
\BOOKMARK [1][-]{section.7.18}{\376\377\0007\000.\0001\0008\000\040\000s\000r\000c\000/\000R\000e\000p\000o\000s\000i\000t\000o\000r\000y\000/\000F\000i\000e\000l\000d\000O\000f\000S\000t\000u\000d\000y\000R\000e\000p\000o\000s\000i\000t\000o\000r\000y\000.\000p\000h\000p\000\040\000F\000i\000l\000e\000\040\000R\000e\000f\000e\000r\000e\000n\000c\000e}{chapter.7}% 264
\BOOKMARK [1][-]{section.7.19}{\376\377\0007\000.\0001\0009\000\040\000s\000r\000c\000/\000R\000e\000p\000o\000s\000i\000t\000o\000r\000y\000/\000G\000r\000a\000d\000e\000R\000e\000p\000o\000s\000i\000t\000o\000r\000y\000.\000p\000h\000p\000\040\000F\000i\000l\000e\000\040\000R\000e\000f\000e\000r\000e\000n\000c\000e}{chapter.7}% 265
\BOOKMARK [1][-]{section.7.20}{\376\377\0007\000.\0002\0000\000\040\000s\000r\000c\000/\000R\000e\000p\000o\000s\000i\000t\000o\000r\000y\000/\000G\000r\000o\000u\000p\000R\000e\000p\000o\000s\000i\000t\000o\000r\000y\000.\000p\000h\000p\000\040\000F\000i\000l\000e\000\040\000R\000e\000f\000e\000r\000e\000n\000c\000e}{chapter.7}% 266
\BOOKMARK [1][-]{section.7.21}{\376\377\0007\000.\0002\0001\000\040\000s\000r\000c\000/\000R\000e\000p\000o\000s\000i\000t\000o\000r\000y\000/\000N\000o\000t\000e\000R\000e\000p\000o\000s\000i\000t\000o\000r\000y\000.\000p\000h\000p\000\040\000F\000i\000l\000e\000\040\000R\000e\000f\000e\000r\000e\000n\000c\000e}{chapter.7}% 267
\BOOKMARK [1][-]{section.7.22}{\376\377\0007\000.\0002\0002\000\040\000s\000r\000c\000/\000R\000e\000p\000o\000s\000i\000t\000o\000r\000y\000/\000S\000u\000b\000j\000e\000c\000t\000O\000f\000I\000n\000s\000t\000a\000n\000c\000e\000R\000e\000p\000o\000s\000i\000t\000o\000r\000y\000.\000p\000h\000p\000\040\000F\000i\000l\000e\000\040\000R\000e\000f\000e\000r\000e\000n\000c\000e}{chapter.7}% 268
\BOOKMARK [1][-]{section.7.23}{\376\377\0007\000.\0002\0003\000\040\000s\000r\000c\000/\000R\000e\000p\000o\000s\000i\000t\000o\000r\000y\000/\000S\000u\000b\000j\000e\000c\000t\000R\000e\000p\000o\000s\000i\000t\000o\000r\000y\000.\000p\000h\000p\000\040\000F\000i\000l\000e\000\040\000R\000e\000f\000e\000r\000e\000n\000c\000e}{chapter.7}% 269
\BOOKMARK [1][-]{section.7.24}{\376\377\0007\000.\0002\0004\000\040\000s\000r\000c\000/\000R\000e\000p\000o\000s\000i\000t\000o\000r\000y\000/\000U\000n\000i\000v\000e\000r\000s\000i\000t\000y\000R\000e\000p\000o\000s\000i\000t\000o\000r\000y\000.\000p\000h\000p\000\040\000F\000i\000l\000e\000\040\000R\000e\000f\000e\000r\000e\000n\000c\000e}{chapter.7}% 270
\BOOKMARK [1][-]{section.7.25}{\376\377\0007\000.\0002\0005\000\040\000s\000r\000c\000/\000R\000e\000p\000o\000s\000i\000t\000o\000r\000y\000/\000U\000s\000e\000r\000R\000e\000p\000o\000s\000i\000t\000o\000r\000y\000.\000p\000h\000p\000\040\000F\000i\000l\000e\000\040\000R\000e\000f\000e\000r\000e\000n\000c\000e}{chapter.7}% 271
